2017/01/25 00:13:00 [error] [exception.CHttpException.404] CHttpException: Unable to resolve the request "recover/view". in /var/www/html/yii/framework/web/CWebApplication.php:286
Stack trace:
#0 /var/www/html/yii/framework/web/CWebApplication.php(141): CWebApplication->runController('recover/view')
#1 /var/www/html/yii/framework/base/CApplication.php(184): CWebApplication->processRequest()
#2 /var/www/html/4pt/index.php(13): CApplication->run()
#3 {main}
REQUEST_URI=/4pt/recover/1
---
2017/01/25 00:20:35 [error] [php] Invalid argument supplied for foreach() (/var/www/html/yii/framework/db/schema/CDbCommandBuilder.php:673)
Stack trace:
#0 /var/www/html/yii/framework/web/actions/CInlineAction.php(49): SiteController->actionRecover()
#1 /var/www/html/yii/framework/web/CController.php(308): CInlineAction->runWithParams()
#2 /var/www/html/yii/framework/web/CController.php(286): SiteController->runAction()
#3 /var/www/html/yii/framework/web/CController.php(265): SiteController->runActionWithFilters()
#4 /var/www/html/yii/framework/web/CWebApplication.php(282): SiteController->run()
#5 /var/www/html/yii/framework/web/CWebApplication.php(141): CWebApplication->runController()
#6 /var/www/html/yii/framework/base/CApplication.php(184): CWebApplication->processRequest()
#7 /var/www/html/4pt/index.php(13): CWebApplication->run()
REQUEST_URI=/4pt/site/recover?id=1
in /var/www/html/4pt/protected/controllers/SiteController.php (108)
in /var/www/html/4pt/index.php (13)
2017/01/25 00:20:52 [error] [exception.CException] CException: People and its behaviors do not have a method or closure named "findByID". in /var/www/html/yii/framework/base/CComponent.php:266
Stack trace:
#0 /var/www/html/yii/framework/db/ar/CActiveRecord.php(227): CComponent->__call('findByID', Array)
#1 /var/www/html/4pt/protected/controllers/SiteController.php(108): CActiveRecord->__call('findByID', Array)
#2 /var/www/html/yii/framework/web/actions/CInlineAction.php(49): SiteController->actionRecover()
#3 /var/www/html/yii/framework/web/CController.php(308): CInlineAction->runWithParams(Array)
#4 /var/www/html/yii/framework/web/CController.php(286): CController->runAction(Object(CInlineAction))
#5 /var/www/html/yii/framework/web/CController.php(265): CController->runActionWithFilters(Object(CInlineAction), Array)
#6 /var/www/html/yii/framework/web/CWebApplication.php(282): CController->run('recover')
#7 /var/www/html/yii/framework/web/CWebApplication.php(141): CWebApplication->runController('site/recover')
#8 /var/www/html/yii/framework/base/CApplication.php(184): CWebApplication->processRequest()
#9 /var/www/html/4pt/index.php(13): CApplication->run()
#10 {main}
REQUEST_URI=/4pt/site/recover?id=1
---
2017/01/25 00:21:04 [error] [php] Object of class People could not be converted to string (/var/www/html/4pt/protected/views/site/message.php:6)
Stack trace:
#0 /var/www/html/yii/framework/web/CController.php(869): SiteController->renderFile()
#1 /var/www/html/yii/framework/web/CController.php(782): SiteController->renderPartial()
#2 /var/www/html/4pt/protected/controllers/SiteController.php(109): SiteController->render()
#3 /var/www/html/yii/framework/web/actions/CInlineAction.php(49): SiteController->actionRecover()
#4 /var/www/html/yii/framework/web/CController.php(308): CInlineAction->runWithParams()
#5 /var/www/html/yii/framework/web/CController.php(286): SiteController->runAction()
#6 /var/www/html/yii/framework/web/CController.php(265): SiteController->runActionWithFilters()
#7 /var/www/html/yii/framework/web/CWebApplication.php(282): SiteController->run()
#8 /var/www/html/yii/framework/web/CWebApplication.php(141): CWebApplication->runController()
#9 /var/www/html/yii/framework/base/CApplication.php(184): CWebApplication->processRequest()
#10 /var/www/html/4pt/index.php(13): CWebApplication->run()
REQUEST_URI=/4pt/site/recover?id=1
in /var/www/html/4pt/protected/views/site/message.php (6)
in /var/www/html/4pt/protected/controllers/SiteController.php (109)
in /var/www/html/4pt/index.php (13)
2017/01/25 00:25:57 [error] [exception.ParseError] ParseError: syntax error, unexpected ';', expecting ',' or ')' in /var/www/html/4pt/protected/controllers/SiteController.php:116
Stack trace:
#0 /var/www/html/yii/framework/web/CWebApplication.php(276): CWebApplication->createController('recover/')
#1 /var/www/html/yii/framework/web/CWebApplication.php(141): CWebApplication->runController('site/recover')
#2 /var/www/html/yii/framework/base/CApplication.php(184): CWebApplication->processRequest()
#3 /var/www/html/4pt/index.php(13): CApplication->run()
#4 {main}
REQUEST_URI=/4pt/site/recover?id=1&token=22c9eb869772c87cf8cf5b640119bcee
---
2017/01/25 00:26:18 [error] [exception.ParseError] ParseError: syntax error, unexpected '->' (T_OBJECT_OPERATOR) in /var/www/html/4pt/protected/controllers/SiteController.php:113
Stack trace:
#0 /var/www/html/yii/framework/web/CWebApplication.php(276): CWebApplication->createController('recover/')
#1 /var/www/html/yii/framework/web/CWebApplication.php(141): CWebApplication->runController('site/recover')
#2 /var/www/html/yii/framework/base/CApplication.php(184): CWebApplication->processRequest()
#3 /var/www/html/4pt/index.php(13): CApplication->run()
#4 {main}
REQUEST_URI=/4pt/site/recover?id=1&token=22c9eb869772c87cf8cf5b640119bcee
---
2017/01/25 00:27:23 [error] [exception.ParseError] ParseError: syntax error, unexpected '->' (T_OBJECT_OPERATOR) in /var/www/html/4pt/protected/controllers/SiteController.php:113
Stack trace:
#0 /var/www/html/yii/framework/web/CWebApplication.php(276): CWebApplication->createController('recover/')
#1 /var/www/html/yii/framework/web/CWebApplication.php(141): CWebApplication->runController('site/recover')
#2 /var/www/html/yii/framework/base/CApplication.php(184): CWebApplication->processRequest()
#3 /var/www/html/4pt/index.php(13): CApplication->run()
#4 {main}
REQUEST_URI=/4pt/site/recover?id=1&token=22c9eb869772c87cf8cf5b640119bcee
---
2017/01/25 00:27:43 [error] [exception.ParseError] ParseError: syntax error, unexpected '->' (T_OBJECT_OPERATOR) in /var/www/html/4pt/protected/controllers/SiteController.php:113
Stack trace:
#0 /var/www/html/yii/framework/web/CWebApplication.php(276): CWebApplication->createController('recover/')
#1 /var/www/html/yii/framework/web/CWebApplication.php(141): CWebApplication->runController('site/recover')
#2 /var/www/html/yii/framework/base/CApplication.php(184): CWebApplication->processRequest()
#3 /var/www/html/4pt/index.php(13): CApplication->run()
#4 {main}
REQUEST_URI=/4pt/site/recover?id=1&token=22c9eb869772c87cf8cf5b640119bcee
---
2017/01/25 00:28:12 [error] [exception.ParseError] ParseError: syntax error, unexpected '->' (T_OBJECT_OPERATOR) in /var/www/html/4pt/protected/controllers/SiteController.php:113
Stack trace:
#0 /var/www/html/yii/framework/web/CWebApplication.php(276): CWebApplication->createController('recover/')
#1 /var/www/html/yii/framework/web/CWebApplication.php(141): CWebApplication->runController('site/recover')
#2 /var/www/html/yii/framework/base/CApplication.php(184): CWebApplication->processRequest()
#3 /var/www/html/4pt/index.php(13): CApplication->run()
#4 {main}
REQUEST_URI=/4pt/site/recover?id=1&token=22c9eb869772c87cf8cf5b640119bcee
---
2017/01/25 00:28:40 [error] [exception.ParseError] ParseError: syntax error, unexpected '->' (T_OBJECT_OPERATOR) in /var/www/html/4pt/protected/controllers/SiteController.php:113
Stack trace:
#0 /var/www/html/yii/framework/web/CWebApplication.php(276): CWebApplication->createController('recover/')
#1 /var/www/html/yii/framework/web/CWebApplication.php(141): CWebApplication->runController('site/recover')
#2 /var/www/html/yii/framework/base/CApplication.php(184): CWebApplication->processRequest()
#3 /var/www/html/4pt/index.php(13): CApplication->run()
#4 {main}
REQUEST_URI=/4pt/site/recover?id=1
---
2017/01/25 00:29:09 [error] [exception.ParseError] ParseError: syntax error, unexpected '->' (T_OBJECT_OPERATOR) in /var/www/html/4pt/protected/controllers/SiteController.php:113
Stack trace:
#0 /var/www/html/yii/framework/web/CWebApplication.php(276): CWebApplication->createController('recover/')
#1 /var/www/html/yii/framework/web/CWebApplication.php(141): CWebApplication->runController('site/recover')
#2 /var/www/html/yii/framework/base/CApplication.php(184): CWebApplication->processRequest()
#3 /var/www/html/4pt/index.php(13): CApplication->run()
#4 {main}
REQUEST_URI=/4pt/site/recover?id=1
---
2017/01/25 00:29:14 [error] [exception.ParseError] ParseError: syntax error, unexpected '->' (T_OBJECT_OPERATOR) in /var/www/html/4pt/protected/controllers/SiteController.php:113
Stack trace:
#0 /var/www/html/yii/framework/web/CWebApplication.php(276): CWebApplication->createController('recover/')
#1 /var/www/html/yii/framework/web/CWebApplication.php(141): CWebApplication->runController('site/recover')
#2 /var/www/html/yii/framework/base/CApplication.php(184): CWebApplication->processRequest()
#3 /var/www/html/4pt/index.php(13): CApplication->run()
#4 {main}
REQUEST_URI=/4pt/site/recover?id=1
---
2017/01/25 00:29:28 [error] [exception.ParseError] ParseError: syntax error, unexpected '->' (T_OBJECT_OPERATOR) in /var/www/html/4pt/protected/controllers/SiteController.php:113
Stack trace:
#0 /var/www/html/yii/framework/web/CWebApplication.php(276): CWebApplication->createController('recover/')
#1 /var/www/html/yii/framework/web/CWebApplication.php(141): CWebApplication->runController('site/recover')
#2 /var/www/html/yii/framework/base/CApplication.php(184): CWebApplication->processRequest()
#3 /var/www/html/4pt/index.php(13): CApplication->run()
#4 {main}
REQUEST_URI=/4pt/site/recover/?id=1
---
2017/01/25 00:29:30 [error] [exception.ParseError] ParseError: syntax error, unexpected '->' (T_OBJECT_OPERATOR) in /var/www/html/4pt/protected/controllers/SiteController.php:113
Stack trace:
#0 /var/www/html/yii/framework/web/CWebApplication.php(276): CWebApplication->createController('recover/')
#1 /var/www/html/yii/framework/web/CWebApplication.php(141): CWebApplication->runController('site/recover')
#2 /var/www/html/yii/framework/base/CApplication.php(184): CWebApplication->processRequest()
#3 /var/www/html/4pt/index.php(13): CApplication->run()
#4 {main}
REQUEST_URI=/4pt/site/recover/
---
2017/01/25 00:29:37 [error] [exception.ParseError] ParseError: syntax error, unexpected '->' (T_OBJECT_OPERATOR) in /var/www/html/4pt/protected/controllers/SiteController.php:113
Stack trace:
#0 /var/www/html/yii/framework/web/CWebApplication.php(276): CWebApplication->createController('recover/')
#1 /var/www/html/yii/framework/web/CWebApplication.php(141): CWebApplication->runController('site/recover')
#2 /var/www/html/yii/framework/base/CApplication.php(184): CWebApplication->processRequest()
#3 /var/www/html/4pt/index.php(13): CApplication->run()
#4 {main}
REQUEST_URI=/4pt/site/recover/
---
2017/01/25 00:30:02 [error] [php] Trying to get property of non-object (/var/www/html/4pt/protected/controllers/SiteController.php:121)
Stack trace:
#0 /var/www/html/yii/framework/web/CController.php(286): SiteController->runAction()
#1 /var/www/html/yii/framework/web/CController.php(265): SiteController->runActionWithFilters()
#2 /var/www/html/yii/framework/web/CWebApplication.php(282): SiteController->run()
#3 /var/www/html/yii/framework/web/CWebApplication.php(141): CWebApplication->runController()
#4 /var/www/html/yii/framework/base/CApplication.php(184): CWebApplication->processRequest()
#5 /var/www/html/4pt/index.php(13): CWebApplication->run()
REQUEST_URI=/4pt/site/recover/
in /var/www/html/4pt/protected/controllers/SiteController.php (121)
in /var/www/html/4pt/index.php (13)
2017/01/25 00:30:43 [error] [exception.ParseError] ParseError: syntax error, unexpected 'isset' (T_ISSET), expecting '(' in /var/www/html/4pt/protected/controllers/SiteController.php:120
Stack trace:
#0 /var/www/html/yii/framework/web/CWebApplication.php(276): CWebApplication->createController('recover/')
#1 /var/www/html/yii/framework/web/CWebApplication.php(141): CWebApplication->runController('site/recover')
#2 /var/www/html/yii/framework/base/CApplication.php(184): CWebApplication->processRequest()
#3 /var/www/html/4pt/index.php(13): CApplication->run()
#4 {main}
REQUEST_URI=/4pt/site/recover/
---
2017/01/25 00:30:55 [error] [exception.ParseError] ParseError: syntax error, unexpected ';', expecting ',' or ')' in /var/www/html/4pt/protected/controllers/SiteController.php:124
Stack trace:
#0 /var/www/html/yii/framework/web/CWebApplication.php(276): CWebApplication->createController('recover/')
#1 /var/www/html/yii/framework/web/CWebApplication.php(141): CWebApplication->runController('site/recover')
#2 /var/www/html/yii/framework/base/CApplication.php(184): CWebApplication->processRequest()
#3 /var/www/html/4pt/index.php(13): CApplication->run()
#4 {main}
REQUEST_URI=/4pt/site/recover/
---
2017/01/25 00:31:43 [error] [exception.ParseError] ParseError: syntax error, unexpected '->' (T_OBJECT_OPERATOR) in /var/www/html/4pt/protected/controllers/SiteController.php:113
Stack trace:
#0 /var/www/html/yii/framework/web/CWebApplication.php(276): CWebApplication->createController('recover/')
#1 /var/www/html/yii/framework/web/CWebApplication.php(141): CWebApplication->runController('site/recover')
#2 /var/www/html/yii/framework/base/CApplication.php(184): CWebApplication->processRequest()
#3 /var/www/html/4pt/index.php(13): CApplication->run()
#4 {main}
REQUEST_URI=/4pt/site/recover/?id=1&token=22c9eb869772c87cf8cf5b640119bcee
---
2017/01/25 00:34:46 [error] [exception.CHttpException.404] CHttpException: The system is unable to find the requested action "images". in /var/www/html/yii/framework/web/CController.php:483
Stack trace:
#0 /var/www/html/yii/framework/web/CController.php(270): CController->missingAction('images')
#1 /var/www/html/yii/framework/web/CWebApplication.php(282): CController->run('images')
#2 /var/www/html/yii/framework/web/CWebApplication.php(141): CWebApplication->runController('site/images/4Pp...')
#3 /var/www/html/yii/framework/base/CApplication.php(184): CWebApplication->processRequest()
#4 /var/www/html/4pt/index.php(13): CApplication->run()
#5 {main}
REQUEST_URI=/4pt/site/images/4Pprincipal.png
HTTP_REFERER=http://localhost/4pt/site/
---
2017/01/25 00:43:45 [error] [exception.CException] CException: La propiedad "LoginForm"."id" no se encuentra definida. in /var/www/html/yii/framework/base/CComponent.php:130
Stack trace:
#0 /var/www/html/4pt/protected/views/site/login.php(48): CComponent->__get('id')
#1 /var/www/html/yii/framework/web/CBaseController.php(126): require('/var/www/html/4...')
#2 /var/www/html/yii/framework/web/CBaseController.php(95): CBaseController->renderInternal('/var/www/html/4...', Array, true)
#3 /var/www/html/yii/framework/web/CController.php(869): CBaseController->renderFile('/var/www/html/4...', Array, true)
#4 /var/www/html/yii/framework/web/CController.php(782): CController->renderPartial('login', Array, true)
#5 /var/www/html/4pt/protected/controllers/SiteController.php(98): CController->render('login', Array)
#6 /var/www/html/yii/framework/web/actions/CInlineAction.php(49): SiteController->actionLogin()
#7 /var/www/html/yii/framework/web/CController.php(308): CInlineAction->runWithParams(Array)
#8 /var/www/html/yii/framework/web/CController.php(286): CController->runAction(Object(CInlineAction))
#9 /var/www/html/yii/framework/web/CController.php(265): CController->runActionWithFilters(Object(CInlineAction), Array)
#10 /var/www/html/yii/framework/web/CWebApplication.php(282): CController->run('login')
#11 /var/www/html/yii/framework/web/CWebApplication.php(141): CWebApplication->runController('site/login')
#12 /var/www/html/yii/framework/base/CApplication.php(184): CWebApplication->processRequest()
#13 /var/www/html/4pt/index.php(13): CApplication->run()
#14 {main}
REQUEST_URI=/4pt/site/login
HTTP_REFERER=http://localhost/4pt/site/login
---
2017/01/25 00:43:48 [error] [exception.CException] CException: La propiedad "LoginForm"."id" no se encuentra definida. in /var/www/html/yii/framework/base/CComponent.php:130
Stack trace:
#0 /var/www/html/4pt/protected/views/site/login.php(48): CComponent->__get('id')
#1 /var/www/html/yii/framework/web/CBaseController.php(126): require('/var/www/html/4...')
#2 /var/www/html/yii/framework/web/CBaseController.php(95): CBaseController->renderInternal('/var/www/html/4...', Array, true)
#3 /var/www/html/yii/framework/web/CController.php(869): CBaseController->renderFile('/var/www/html/4...', Array, true)
#4 /var/www/html/yii/framework/web/CController.php(782): CController->renderPartial('login', Array, true)
#5 /var/www/html/4pt/protected/controllers/SiteController.php(98): CController->render('login', Array)
#6 /var/www/html/yii/framework/web/actions/CInlineAction.php(49): SiteController->actionLogin()
#7 /var/www/html/yii/framework/web/CController.php(308): CInlineAction->runWithParams(Array)
#8 /var/www/html/yii/framework/web/CController.php(286): CController->runAction(Object(CInlineAction))
#9 /var/www/html/yii/framework/web/CController.php(265): CController->runActionWithFilters(Object(CInlineAction), Array)
#10 /var/www/html/yii/framework/web/CWebApplication.php(282): CController->run('login')
#11 /var/www/html/yii/framework/web/CWebApplication.php(141): CWebApplication->runController('site/login')
#12 /var/www/html/yii/framework/base/CApplication.php(184): CWebApplication->processRequest()
#13 /var/www/html/4pt/index.php(13): CApplication->run()
#14 {main}
REQUEST_URI=/4pt/site/login
---
2017/01/25 00:44:10 [error] [exception.CException] CException: La propiedad "LoginForm"."email" no se encuentra definida. in /var/www/html/yii/framework/base/CComponent.php:130
Stack trace:
#0 /var/www/html/4pt/protected/views/site/login.php(48): CComponent->__get('email')
#1 /var/www/html/yii/framework/web/CBaseController.php(126): require('/var/www/html/4...')
#2 /var/www/html/yii/framework/web/CBaseController.php(95): CBaseController->renderInternal('/var/www/html/4...', Array, true)
#3 /var/www/html/yii/framework/web/CController.php(869): CBaseController->renderFile('/var/www/html/4...', Array, true)
#4 /var/www/html/yii/framework/web/CController.php(782): CController->renderPartial('login', Array, true)
#5 /var/www/html/4pt/protected/controllers/SiteController.php(98): CController->render('login', Array)
#6 /var/www/html/yii/framework/web/actions/CInlineAction.php(49): SiteController->actionLogin()
#7 /var/www/html/yii/framework/web/CController.php(308): CInlineAction->runWithParams(Array)
#8 /var/www/html/yii/framework/web/CController.php(286): CController->runAction(Object(CInlineAction))
#9 /var/www/html/yii/framework/web/CController.php(265): CController->runActionWithFilters(Object(CInlineAction), Array)
#10 /var/www/html/yii/framework/web/CWebApplication.php(282): CController->run('login')
#11 /var/www/html/yii/framework/web/CWebApplication.php(141): CWebApplication->runController('site/login')
#12 /var/www/html/yii/framework/base/CApplication.php(184): CWebApplication->processRequest()
#13 /var/www/html/4pt/index.php(13): CApplication->run()
#14 {main}
REQUEST_URI=/4pt/site/login
---
2017/01/25 00:44:13 [error] [exception.CException] CException: La propiedad "LoginForm"."email" no se encuentra definida. in /var/www/html/yii/framework/base/CComponent.php:130
Stack trace:
#0 /var/www/html/4pt/protected/views/site/login.php(48): CComponent->__get('email')
#1 /var/www/html/yii/framework/web/CBaseController.php(126): require('/var/www/html/4...')
#2 /var/www/html/yii/framework/web/CBaseController.php(95): CBaseController->renderInternal('/var/www/html/4...', Array, true)
#3 /var/www/html/yii/framework/web/CController.php(869): CBaseController->renderFile('/var/www/html/4...', Array, true)
#4 /var/www/html/yii/framework/web/CController.php(782): CController->renderPartial('login', Array, true)
#5 /var/www/html/4pt/protected/controllers/SiteController.php(98): CController->render('login', Array)
#6 /var/www/html/yii/framework/web/actions/CInlineAction.php(49): SiteController->actionLogin()
#7 /var/www/html/yii/framework/web/CController.php(308): CInlineAction->runWithParams(Array)
#8 /var/www/html/yii/framework/web/CController.php(286): CController->runAction(Object(CInlineAction))
#9 /var/www/html/yii/framework/web/CController.php(265): CController->runActionWithFilters(Object(CInlineAction), Array)
#10 /var/www/html/yii/framework/web/CWebApplication.php(282): CController->run('login')
#11 /var/www/html/yii/framework/web/CWebApplication.php(141): CWebApplication->runController('site/login')
#12 /var/www/html/yii/framework/base/CApplication.php(184): CWebApplication->processRequest()
#13 /var/www/html/4pt/index.php(13): CApplication->run()
#14 {main}
REQUEST_URI=/4pt/site/login
---
2017/01/25 00:44:28 [error] [php] Trying to get property of non-object (/var/www/html/4pt/protected/controllers/SiteController.php:120)
Stack trace:
#0 /var/www/html/yii/framework/web/CController.php(286): SiteController->runAction()
#1 /var/www/html/yii/framework/web/CController.php(265): SiteController->runActionWithFilters()
#2 /var/www/html/yii/framework/web/CWebApplication.php(282): SiteController->run()
#3 /var/www/html/yii/framework/web/CWebApplication.php(141): CWebApplication->runController()
#4 /var/www/html/yii/framework/base/CApplication.php(184): CWebApplication->processRequest()
#5 /var/www/html/4pt/index.php(13): CWebApplication->run()
REQUEST_URI=/4pt/site/recover/?id=
in /var/www/html/4pt/protected/controllers/SiteController.php (120)
in /var/www/html/4pt/index.php (13)
2017/01/25 00:52:36 [error] [exception.CHttpException.404] CHttpException: Unable to resolve the request "process". in /var/www/html/yii/framework/web/CWebApplication.php:286
Stack trace:
#0 /var/www/html/yii/framework/web/CWebApplication.php(141): CWebApplication->runController('process')
#1 /var/www/html/yii/framework/base/CApplication.php(184): CWebApplication->processRequest()
#2 /var/www/html/4pt/index.php(13): CApplication->run()
#3 {main}
REQUEST_URI=/4pt/process
HTTP_REFERER=http://localhost/4pt/projects
---
2017/01/25 00:54:06 [error] [php] Undefined offset: 1 (/var/www/html/4pt/protected/components/Functions.php:122)
Stack trace:
#0 /var/www/html/yii/framework/web/CBaseController.php(95): ProjectsController->renderInternal()
#1 /var/www/html/yii/framework/web/CController.php(869): ProjectsController->renderFile()
#2 /var/www/html/yii/framework/web/CController.php(782): ProjectsController->renderPartial()
#3 /var/www/html/4pt/protected/controllers/ProjectsController.php(49): ProjectsController->render()
#4 /var/www/html/yii/framework/web/actions/CInlineAction.php(49): ProjectsController->actionView()
#5 /var/www/html/yii/framework/web/CController.php(308): CInlineAction->runWithParams()
#6 /var/www/html/yii/framework/web/filters/CFilterChain.php(133): ProjectsController->runAction()
#7 /var/www/html/yii/framework/web/filters/CFilter.php(40): CFilterChain->run()
#8 /var/www/html/yii/framework/web/CController.php(1145): CAccessControlFilter->filter()
#9 /var/www/html/yii/framework/web/filters/CInlineFilter.php(58): ProjectsController->filterAccessControl()
#10 /var/www/html/yii/framework/web/filters/CFilterChain.php(130): CInlineFilter->filter()
#11 /var/www/html/yii/framework/web/CController.php(291): CFilterChain->run()
#12 /var/www/html/yii/framework/web/CController.php(265): ProjectsController->runActionWithFilters()
#13 /var/www/html/yii/framework/web/CWebApplication.php(282): ProjectsController->run()
#14 /var/www/html/yii/framework/web/CWebApplication.php(141): CWebApplication->runController()
#15 /var/www/html/yii/framework/base/CApplication.php(184): CWebApplication->processRequest()
#16 /var/www/html/4pt/index.php(13): CWebApplication->run()
REQUEST_URI=/4pt/projects/1
in /var/www/html/4pt/protected/components/Functions.php (122)
in /var/www/html/4pt/protected/views/projects/view.php (63)
in /var/www/html/4pt/protected/controllers/ProjectsController.php (49)
2017/01/25 18:47:23 [error] [exception.CHttpException.404] CHttpException: Unable to resolve the request "js/jquery.min.map". in /var/www/html/yii/framework/web/CWebApplication.php:286
Stack trace:
#0 /var/www/html/yii/framework/web/CWebApplication.php(141): CWebApplication->runController('js/jquery.min.m...')
#1 /var/www/html/yii/framework/base/CApplication.php(184): CWebApplication->processRequest()
#2 /var/www/html/4pt/index.php(13): CApplication->run()
#3 {main}
REQUEST_URI=/4pt/js/jquery.min.map
---
2017/01/25 18:47:58 [error] [exception.CHttpException.404] CHttpException: Unable to resolve the request "js/jquery.min.map". in /var/www/html/yii/framework/web/CWebApplication.php:286
Stack trace:
#0 /var/www/html/yii/framework/web/CWebApplication.php(141): CWebApplication->runController('js/jquery.min.m...')
#1 /var/www/html/yii/framework/base/CApplication.php(184): CWebApplication->processRequest()
#2 /var/www/html/4pt/index.php(13): CApplication->run()
#3 {main}
REQUEST_URI=/4pt/js/jquery.min.map
---
2017/01/25 18:48:04 [error] [exception.CHttpException.404] CHttpException: Unable to resolve the request "js/jquery.min.map". in /var/www/html/yii/framework/web/CWebApplication.php:286
Stack trace:
#0 /var/www/html/yii/framework/web/CWebApplication.php(141): CWebApplication->runController('js/jquery.min.m...')
#1 /var/www/html/yii/framework/base/CApplication.php(184): CWebApplication->processRequest()
#2 /var/www/html/4pt/index.php(13): CApplication->run()
#3 {main}
REQUEST_URI=/4pt/js/jquery.min.map
---
