2017/01/25 00:13:00 [error] [exception.CHttpException.404] CHttpException: Unable to resolve the request "recover/view". in /var/www/html/yii/framework/web/CWebApplication.php:286
Stack trace:
#0 /var/www/html/yii/framework/web/CWebApplication.php(141): CWebApplication->runController('recover/view')
#1 /var/www/html/yii/framework/base/CApplication.php(184): CWebApplication->processRequest()
#2 /var/www/html/4pt/index.php(13): CApplication->run()
#3 {main}
REQUEST_URI=/4pt/recover/1
---
2017/01/25 00:20:35 [error] [php] Invalid argument supplied for foreach() (/var/www/html/yii/framework/db/schema/CDbCommandBuilder.php:673)
Stack trace:
#0 /var/www/html/yii/framework/web/actions/CInlineAction.php(49): SiteController->actionRecover()
#1 /var/www/html/yii/framework/web/CController.php(308): CInlineAction->runWithParams()
#2 /var/www/html/yii/framework/web/CController.php(286): SiteController->runAction()
#3 /var/www/html/yii/framework/web/CController.php(265): SiteController->runActionWithFilters()
#4 /var/www/html/yii/framework/web/CWebApplication.php(282): SiteController->run()
#5 /var/www/html/yii/framework/web/CWebApplication.php(141): CWebApplication->runController()
#6 /var/www/html/yii/framework/base/CApplication.php(184): CWebApplication->processRequest()
#7 /var/www/html/4pt/index.php(13): CWebApplication->run()
REQUEST_URI=/4pt/site/recover?id=1
in /var/www/html/4pt/protected/controllers/SiteController.php (108)
in /var/www/html/4pt/index.php (13)
2017/01/25 00:20:52 [error] [exception.CException] CException: people and its behaviors do not have a method or closure named "findByID". in /var/www/html/yii/framework/base/CComponent.php:266
Stack trace:
#0 /var/www/html/yii/framework/db/ar/CActiveRecord.php(227): CComponent->__call('findByID', Array)
#1 /var/www/html/4pt/protected/controllers/SiteController.php(108): CActiveRecord->__call('findByID', Array)
#2 /var/www/html/yii/framework/web/actions/CInlineAction.php(49): SiteController->actionRecover()
#3 /var/www/html/yii/framework/web/CController.php(308): CInlineAction->runWithParams(Array)
#4 /var/www/html/yii/framework/web/CController.php(286): CController->runAction(Object(CInlineAction))
#5 /var/www/html/yii/framework/web/CController.php(265): CController->runActionWithFilters(Object(CInlineAction), Array)
#6 /var/www/html/yii/framework/web/CWebApplication.php(282): CController->run('recover')
#7 /var/www/html/yii/framework/web/CWebApplication.php(141): CWebApplication->runController('site/recover')
#8 /var/www/html/yii/framework/base/CApplication.php(184): CWebApplication->processRequest()
#9 /var/www/html/4pt/index.php(13): CApplication->run()
#10 {main}
REQUEST_URI=/4pt/site/recover?id=1
---
2017/01/25 00:21:04 [error] [php] Object of class people could not be converted to string (/var/www/html/4pt/protected/views/site/message.php:6)
Stack trace:
#0 /var/www/html/yii/framework/web/CController.php(869): SiteController->renderFile()
#1 /var/www/html/yii/framework/web/CController.php(782): SiteController->renderPartial()
#2 /var/www/html/4pt/protected/controllers/SiteController.php(109): SiteController->render()
#3 /var/www/html/yii/framework/web/actions/CInlineAction.php(49): SiteController->actionRecover()
#4 /var/www/html/yii/framework/web/CController.php(308): CInlineAction->runWithParams()
#5 /var/www/html/yii/framework/web/CController.php(286): SiteController->runAction()
#6 /var/www/html/yii/framework/web/CController.php(265): SiteController->runActionWithFilters()
#7 /var/www/html/yii/framework/web/CWebApplication.php(282): SiteController->run()
#8 /var/www/html/yii/framework/web/CWebApplication.php(141): CWebApplication->runController()
#9 /var/www/html/yii/framework/base/CApplication.php(184): CWebApplication->processRequest()
#10 /var/www/html/4pt/index.php(13): CWebApplication->run()
REQUEST_URI=/4pt/site/recover?id=1
in /var/www/html/4pt/protected/views/site/message.php (6)
in /var/www/html/4pt/protected/controllers/SiteController.php (109)
in /var/www/html/4pt/index.php (13)
2017/01/25 00:25:57 [error] [exception.ParseError] ParseError: syntax error, unexpected ';', expecting ',' or ')' in /var/www/html/4pt/protected/controllers/SiteController.php:116
Stack trace:
#0 /var/www/html/yii/framework/web/CWebApplication.php(276): CWebApplication->createController('recover/')
#1 /var/www/html/yii/framework/web/CWebApplication.php(141): CWebApplication->runController('site/recover')
#2 /var/www/html/yii/framework/base/CApplication.php(184): CWebApplication->processRequest()
#3 /var/www/html/4pt/index.php(13): CApplication->run()
#4 {main}
REQUEST_URI=/4pt/site/recover?id=1&token=22c9eb869772c87cf8cf5b640119bcee
---
2017/01/25 00:26:18 [error] [exception.ParseError] ParseError: syntax error, unexpected '->' (T_OBJECT_OPERATOR) in /var/www/html/4pt/protected/controllers/SiteController.php:113
Stack trace:
#0 /var/www/html/yii/framework/web/CWebApplication.php(276): CWebApplication->createController('recover/')
#1 /var/www/html/yii/framework/web/CWebApplication.php(141): CWebApplication->runController('site/recover')
#2 /var/www/html/yii/framework/base/CApplication.php(184): CWebApplication->processRequest()
#3 /var/www/html/4pt/index.php(13): CApplication->run()
#4 {main}
REQUEST_URI=/4pt/site/recover?id=1&token=22c9eb869772c87cf8cf5b640119bcee
---
2017/01/25 00:27:23 [error] [exception.ParseError] ParseError: syntax error, unexpected '->' (T_OBJECT_OPERATOR) in /var/www/html/4pt/protected/controllers/SiteController.php:113
Stack trace:
#0 /var/www/html/yii/framework/web/CWebApplication.php(276): CWebApplication->createController('recover/')
#1 /var/www/html/yii/framework/web/CWebApplication.php(141): CWebApplication->runController('site/recover')
#2 /var/www/html/yii/framework/base/CApplication.php(184): CWebApplication->processRequest()
#3 /var/www/html/4pt/index.php(13): CApplication->run()
#4 {main}
REQUEST_URI=/4pt/site/recover?id=1&token=22c9eb869772c87cf8cf5b640119bcee
---
2017/01/25 00:27:43 [error] [exception.ParseError] ParseError: syntax error, unexpected '->' (T_OBJECT_OPERATOR) in /var/www/html/4pt/protected/controllers/SiteController.php:113
Stack trace:
#0 /var/www/html/yii/framework/web/CWebApplication.php(276): CWebApplication->createController('recover/')
#1 /var/www/html/yii/framework/web/CWebApplication.php(141): CWebApplication->runController('site/recover')
#2 /var/www/html/yii/framework/base/CApplication.php(184): CWebApplication->processRequest()
#3 /var/www/html/4pt/index.php(13): CApplication->run()
#4 {main}
REQUEST_URI=/4pt/site/recover?id=1&token=22c9eb869772c87cf8cf5b640119bcee
---
2017/01/25 00:28:12 [error] [exception.ParseError] ParseError: syntax error, unexpected '->' (T_OBJECT_OPERATOR) in /var/www/html/4pt/protected/controllers/SiteController.php:113
Stack trace:
#0 /var/www/html/yii/framework/web/CWebApplication.php(276): CWebApplication->createController('recover/')
#1 /var/www/html/yii/framework/web/CWebApplication.php(141): CWebApplication->runController('site/recover')
#2 /var/www/html/yii/framework/base/CApplication.php(184): CWebApplication->processRequest()
#3 /var/www/html/4pt/index.php(13): CApplication->run()
#4 {main}
REQUEST_URI=/4pt/site/recover?id=1&token=22c9eb869772c87cf8cf5b640119bcee
---
2017/01/25 00:28:40 [error] [exception.ParseError] ParseError: syntax error, unexpected '->' (T_OBJECT_OPERATOR) in /var/www/html/4pt/protected/controllers/SiteController.php:113
Stack trace:
#0 /var/www/html/yii/framework/web/CWebApplication.php(276): CWebApplication->createController('recover/')
#1 /var/www/html/yii/framework/web/CWebApplication.php(141): CWebApplication->runController('site/recover')
#2 /var/www/html/yii/framework/base/CApplication.php(184): CWebApplication->processRequest()
#3 /var/www/html/4pt/index.php(13): CApplication->run()
#4 {main}
REQUEST_URI=/4pt/site/recover?id=1
---
2017/01/25 00:29:09 [error] [exception.ParseError] ParseError: syntax error, unexpected '->' (T_OBJECT_OPERATOR) in /var/www/html/4pt/protected/controllers/SiteController.php:113
Stack trace:
#0 /var/www/html/yii/framework/web/CWebApplication.php(276): CWebApplication->createController('recover/')
#1 /var/www/html/yii/framework/web/CWebApplication.php(141): CWebApplication->runController('site/recover')
#2 /var/www/html/yii/framework/base/CApplication.php(184): CWebApplication->processRequest()
#3 /var/www/html/4pt/index.php(13): CApplication->run()
#4 {main}
REQUEST_URI=/4pt/site/recover?id=1
---
2017/01/25 00:29:14 [error] [exception.ParseError] ParseError: syntax error, unexpected '->' (T_OBJECT_OPERATOR) in /var/www/html/4pt/protected/controllers/SiteController.php:113
Stack trace:
#0 /var/www/html/yii/framework/web/CWebApplication.php(276): CWebApplication->createController('recover/')
#1 /var/www/html/yii/framework/web/CWebApplication.php(141): CWebApplication->runController('site/recover')
#2 /var/www/html/yii/framework/base/CApplication.php(184): CWebApplication->processRequest()
#3 /var/www/html/4pt/index.php(13): CApplication->run()
#4 {main}
REQUEST_URI=/4pt/site/recover?id=1
---
2017/01/25 00:29:28 [error] [exception.ParseError] ParseError: syntax error, unexpected '->' (T_OBJECT_OPERATOR) in /var/www/html/4pt/protected/controllers/SiteController.php:113
Stack trace:
#0 /var/www/html/yii/framework/web/CWebApplication.php(276): CWebApplication->createController('recover/')
#1 /var/www/html/yii/framework/web/CWebApplication.php(141): CWebApplication->runController('site/recover')
#2 /var/www/html/yii/framework/base/CApplication.php(184): CWebApplication->processRequest()
#3 /var/www/html/4pt/index.php(13): CApplication->run()
#4 {main}
REQUEST_URI=/4pt/site/recover/?id=1
---
2017/01/25 00:29:30 [error] [exception.ParseError] ParseError: syntax error, unexpected '->' (T_OBJECT_OPERATOR) in /var/www/html/4pt/protected/controllers/SiteController.php:113
Stack trace:
#0 /var/www/html/yii/framework/web/CWebApplication.php(276): CWebApplication->createController('recover/')
#1 /var/www/html/yii/framework/web/CWebApplication.php(141): CWebApplication->runController('site/recover')
#2 /var/www/html/yii/framework/base/CApplication.php(184): CWebApplication->processRequest()
#3 /var/www/html/4pt/index.php(13): CApplication->run()
#4 {main}
REQUEST_URI=/4pt/site/recover/
---
2017/01/25 00:29:37 [error] [exception.ParseError] ParseError: syntax error, unexpected '->' (T_OBJECT_OPERATOR) in /var/www/html/4pt/protected/controllers/SiteController.php:113
Stack trace:
#0 /var/www/html/yii/framework/web/CWebApplication.php(276): CWebApplication->createController('recover/')
#1 /var/www/html/yii/framework/web/CWebApplication.php(141): CWebApplication->runController('site/recover')
#2 /var/www/html/yii/framework/base/CApplication.php(184): CWebApplication->processRequest()
#3 /var/www/html/4pt/index.php(13): CApplication->run()
#4 {main}
REQUEST_URI=/4pt/site/recover/
---
2017/01/25 00:30:02 [error] [php] Trying to get property of non-object (/var/www/html/4pt/protected/controllers/SiteController.php:121)
Stack trace:
#0 /var/www/html/yii/framework/web/CController.php(286): SiteController->runAction()
#1 /var/www/html/yii/framework/web/CController.php(265): SiteController->runActionWithFilters()
#2 /var/www/html/yii/framework/web/CWebApplication.php(282): SiteController->run()
#3 /var/www/html/yii/framework/web/CWebApplication.php(141): CWebApplication->runController()
#4 /var/www/html/yii/framework/base/CApplication.php(184): CWebApplication->processRequest()
#5 /var/www/html/4pt/index.php(13): CWebApplication->run()
REQUEST_URI=/4pt/site/recover/
in /var/www/html/4pt/protected/controllers/SiteController.php (121)
in /var/www/html/4pt/index.php (13)
2017/01/25 00:30:43 [error] [exception.ParseError] ParseError: syntax error, unexpected 'isset' (T_ISSET), expecting '(' in /var/www/html/4pt/protected/controllers/SiteController.php:120
Stack trace:
#0 /var/www/html/yii/framework/web/CWebApplication.php(276): CWebApplication->createController('recover/')
#1 /var/www/html/yii/framework/web/CWebApplication.php(141): CWebApplication->runController('site/recover')
#2 /var/www/html/yii/framework/base/CApplication.php(184): CWebApplication->processRequest()
#3 /var/www/html/4pt/index.php(13): CApplication->run()
#4 {main}
REQUEST_URI=/4pt/site/recover/
---
2017/01/25 00:30:55 [error] [exception.ParseError] ParseError: syntax error, unexpected ';', expecting ',' or ')' in /var/www/html/4pt/protected/controllers/SiteController.php:124
Stack trace:
#0 /var/www/html/yii/framework/web/CWebApplication.php(276): CWebApplication->createController('recover/')
#1 /var/www/html/yii/framework/web/CWebApplication.php(141): CWebApplication->runController('site/recover')
#2 /var/www/html/yii/framework/base/CApplication.php(184): CWebApplication->processRequest()
#3 /var/www/html/4pt/index.php(13): CApplication->run()
#4 {main}
REQUEST_URI=/4pt/site/recover/
---
2017/01/25 00:31:43 [error] [exception.ParseError] ParseError: syntax error, unexpected '->' (T_OBJECT_OPERATOR) in /var/www/html/4pt/protected/controllers/SiteController.php:113
Stack trace:
#0 /var/www/html/yii/framework/web/CWebApplication.php(276): CWebApplication->createController('recover/')
#1 /var/www/html/yii/framework/web/CWebApplication.php(141): CWebApplication->runController('site/recover')
#2 /var/www/html/yii/framework/base/CApplication.php(184): CWebApplication->processRequest()
#3 /var/www/html/4pt/index.php(13): CApplication->run()
#4 {main}
REQUEST_URI=/4pt/site/recover/?id=1&token=22c9eb869772c87cf8cf5b640119bcee
---
2017/01/25 00:34:46 [error] [exception.CHttpException.404] CHttpException: The system is unable to find the requested action "images". in /var/www/html/yii/framework/web/CController.php:483
Stack trace:
#0 /var/www/html/yii/framework/web/CController.php(270): CController->missingAction('images')
#1 /var/www/html/yii/framework/web/CWebApplication.php(282): CController->run('images')
#2 /var/www/html/yii/framework/web/CWebApplication.php(141): CWebApplication->runController('site/images/4Pp...')
#3 /var/www/html/yii/framework/base/CApplication.php(184): CWebApplication->processRequest()
#4 /var/www/html/4pt/index.php(13): CApplication->run()
#5 {main}
REQUEST_URI=/4pt/site/images/4Pprincipal.png
HTTP_REFERER=http://localhost/4pt/site/
---
2017/01/25 00:43:45 [error] [exception.CException] CException: La propiedad "LoginForm"."id" no se encuentra definida. in /var/www/html/yii/framework/base/CComponent.php:130
Stack trace:
#0 /var/www/html/4pt/protected/views/site/login.php(48): CComponent->__get('id')
#1 /var/www/html/yii/framework/web/CBaseController.php(126): require('/var/www/html/4...')
#2 /var/www/html/yii/framework/web/CBaseController.php(95): CBaseController->renderInternal('/var/www/html/4...', Array, true)
#3 /var/www/html/yii/framework/web/CController.php(869): CBaseController->renderFile('/var/www/html/4...', Array, true)
#4 /var/www/html/yii/framework/web/CController.php(782): CController->renderPartial('login', Array, true)
#5 /var/www/html/4pt/protected/controllers/SiteController.php(98): CController->render('login', Array)
#6 /var/www/html/yii/framework/web/actions/CInlineAction.php(49): SiteController->actionLogin()
#7 /var/www/html/yii/framework/web/CController.php(308): CInlineAction->runWithParams(Array)
#8 /var/www/html/yii/framework/web/CController.php(286): CController->runAction(Object(CInlineAction))
#9 /var/www/html/yii/framework/web/CController.php(265): CController->runActionWithFilters(Object(CInlineAction), Array)
#10 /var/www/html/yii/framework/web/CWebApplication.php(282): CController->run('login')
#11 /var/www/html/yii/framework/web/CWebApplication.php(141): CWebApplication->runController('site/login')
#12 /var/www/html/yii/framework/base/CApplication.php(184): CWebApplication->processRequest()
#13 /var/www/html/4pt/index.php(13): CApplication->run()
#14 {main}
REQUEST_URI=/4pt/site/login
HTTP_REFERER=http://localhost/4pt/site/login
---
2017/01/25 00:43:48 [error] [exception.CException] CException: La propiedad "LoginForm"."id" no se encuentra definida. in /var/www/html/yii/framework/base/CComponent.php:130
Stack trace:
#0 /var/www/html/4pt/protected/views/site/login.php(48): CComponent->__get('id')
#1 /var/www/html/yii/framework/web/CBaseController.php(126): require('/var/www/html/4...')
#2 /var/www/html/yii/framework/web/CBaseController.php(95): CBaseController->renderInternal('/var/www/html/4...', Array, true)
#3 /var/www/html/yii/framework/web/CController.php(869): CBaseController->renderFile('/var/www/html/4...', Array, true)
#4 /var/www/html/yii/framework/web/CController.php(782): CController->renderPartial('login', Array, true)
#5 /var/www/html/4pt/protected/controllers/SiteController.php(98): CController->render('login', Array)
#6 /var/www/html/yii/framework/web/actions/CInlineAction.php(49): SiteController->actionLogin()
#7 /var/www/html/yii/framework/web/CController.php(308): CInlineAction->runWithParams(Array)
#8 /var/www/html/yii/framework/web/CController.php(286): CController->runAction(Object(CInlineAction))
#9 /var/www/html/yii/framework/web/CController.php(265): CController->runActionWithFilters(Object(CInlineAction), Array)
#10 /var/www/html/yii/framework/web/CWebApplication.php(282): CController->run('login')
#11 /var/www/html/yii/framework/web/CWebApplication.php(141): CWebApplication->runController('site/login')
#12 /var/www/html/yii/framework/base/CApplication.php(184): CWebApplication->processRequest()
#13 /var/www/html/4pt/index.php(13): CApplication->run()
#14 {main}
REQUEST_URI=/4pt/site/login
---
2017/01/25 00:44:10 [error] [exception.CException] CException: La propiedad "LoginForm"."email" no se encuentra definida. in /var/www/html/yii/framework/base/CComponent.php:130
Stack trace:
#0 /var/www/html/4pt/protected/views/site/login.php(48): CComponent->__get('email')
#1 /var/www/html/yii/framework/web/CBaseController.php(126): require('/var/www/html/4...')
#2 /var/www/html/yii/framework/web/CBaseController.php(95): CBaseController->renderInternal('/var/www/html/4...', Array, true)
#3 /var/www/html/yii/framework/web/CController.php(869): CBaseController->renderFile('/var/www/html/4...', Array, true)
#4 /var/www/html/yii/framework/web/CController.php(782): CController->renderPartial('login', Array, true)
#5 /var/www/html/4pt/protected/controllers/SiteController.php(98): CController->render('login', Array)
#6 /var/www/html/yii/framework/web/actions/CInlineAction.php(49): SiteController->actionLogin()
#7 /var/www/html/yii/framework/web/CController.php(308): CInlineAction->runWithParams(Array)
#8 /var/www/html/yii/framework/web/CController.php(286): CController->runAction(Object(CInlineAction))
#9 /var/www/html/yii/framework/web/CController.php(265): CController->runActionWithFilters(Object(CInlineAction), Array)
#10 /var/www/html/yii/framework/web/CWebApplication.php(282): CController->run('login')
#11 /var/www/html/yii/framework/web/CWebApplication.php(141): CWebApplication->runController('site/login')
#12 /var/www/html/yii/framework/base/CApplication.php(184): CWebApplication->processRequest()
#13 /var/www/html/4pt/index.php(13): CApplication->run()
#14 {main}
REQUEST_URI=/4pt/site/login
---
2017/01/25 00:44:13 [error] [exception.CException] CException: La propiedad "LoginForm"."email" no se encuentra definida. in /var/www/html/yii/framework/base/CComponent.php:130
Stack trace:
#0 /var/www/html/4pt/protected/views/site/login.php(48): CComponent->__get('email')
#1 /var/www/html/yii/framework/web/CBaseController.php(126): require('/var/www/html/4...')
#2 /var/www/html/yii/framework/web/CBaseController.php(95): CBaseController->renderInternal('/var/www/html/4...', Array, true)
#3 /var/www/html/yii/framework/web/CController.php(869): CBaseController->renderFile('/var/www/html/4...', Array, true)
#4 /var/www/html/yii/framework/web/CController.php(782): CController->renderPartial('login', Array, true)
#5 /var/www/html/4pt/protected/controllers/SiteController.php(98): CController->render('login', Array)
#6 /var/www/html/yii/framework/web/actions/CInlineAction.php(49): SiteController->actionLogin()
#7 /var/www/html/yii/framework/web/CController.php(308): CInlineAction->runWithParams(Array)
#8 /var/www/html/yii/framework/web/CController.php(286): CController->runAction(Object(CInlineAction))
#9 /var/www/html/yii/framework/web/CController.php(265): CController->runActionWithFilters(Object(CInlineAction), Array)
#10 /var/www/html/yii/framework/web/CWebApplication.php(282): CController->run('login')
#11 /var/www/html/yii/framework/web/CWebApplication.php(141): CWebApplication->runController('site/login')
#12 /var/www/html/yii/framework/base/CApplication.php(184): CWebApplication->processRequest()
#13 /var/www/html/4pt/index.php(13): CApplication->run()
#14 {main}
REQUEST_URI=/4pt/site/login
---
2017/01/25 00:44:28 [error] [php] Trying to get property of non-object (/var/www/html/4pt/protected/controllers/SiteController.php:120)
Stack trace:
#0 /var/www/html/yii/framework/web/CController.php(286): SiteController->runAction()
#1 /var/www/html/yii/framework/web/CController.php(265): SiteController->runActionWithFilters()
#2 /var/www/html/yii/framework/web/CWebApplication.php(282): SiteController->run()
#3 /var/www/html/yii/framework/web/CWebApplication.php(141): CWebApplication->runController()
#4 /var/www/html/yii/framework/base/CApplication.php(184): CWebApplication->processRequest()
#5 /var/www/html/4pt/index.php(13): CWebApplication->run()
REQUEST_URI=/4pt/site/recover/?id=
in /var/www/html/4pt/protected/controllers/SiteController.php (120)
in /var/www/html/4pt/index.php (13)
2017/01/25 00:52:36 [error] [exception.CHttpException.404] CHttpException: Unable to resolve the request "process". in /var/www/html/yii/framework/web/CWebApplication.php:286
Stack trace:
#0 /var/www/html/yii/framework/web/CWebApplication.php(141): CWebApplication->runController('process')
#1 /var/www/html/yii/framework/base/CApplication.php(184): CWebApplication->processRequest()
#2 /var/www/html/4pt/index.php(13): CApplication->run()
#3 {main}
REQUEST_URI=/4pt/process
HTTP_REFERER=http://localhost/4pt/projects
---
2017/01/25 00:54:06 [error] [php] Undefined offset: 1 (/var/www/html/4pt/protected/components/Functions.php:122)
Stack trace:
#0 /var/www/html/yii/framework/web/CBaseController.php(95): projectsController->renderInternal()
#1 /var/www/html/yii/framework/web/CController.php(869): projectsController->renderFile()
#2 /var/www/html/yii/framework/web/CController.php(782): projectsController->renderPartial()
#3 /var/www/html/4pt/protected/controllers/projectsController.php(49): projectsController->render()
#4 /var/www/html/yii/framework/web/actions/CInlineAction.php(49): projectsController->actionView()
#5 /var/www/html/yii/framework/web/CController.php(308): CInlineAction->runWithParams()
#6 /var/www/html/yii/framework/web/filters/CFilterChain.php(133): projectsController->runAction()
#7 /var/www/html/yii/framework/web/filters/CFilter.php(40): CFilterChain->run()
#8 /var/www/html/yii/framework/web/CController.php(1145): CAccessControlFilter->filter()
#9 /var/www/html/yii/framework/web/filters/CInlineFilter.php(58): projectsController->filterAccessControl()
#10 /var/www/html/yii/framework/web/filters/CFilterChain.php(130): CInlineFilter->filter()
#11 /var/www/html/yii/framework/web/CController.php(291): CFilterChain->run()
#12 /var/www/html/yii/framework/web/CController.php(265): projectsController->runActionWithFilters()
#13 /var/www/html/yii/framework/web/CWebApplication.php(282): projectsController->run()
#14 /var/www/html/yii/framework/web/CWebApplication.php(141): CWebApplication->runController()
#15 /var/www/html/yii/framework/base/CApplication.php(184): CWebApplication->processRequest()
#16 /var/www/html/4pt/index.php(13): CWebApplication->run()
REQUEST_URI=/4pt/projects/1
in /var/www/html/4pt/protected/components/Functions.php (122)
in /var/www/html/4pt/protected/views/projects/view.php (63)
in /var/www/html/4pt/protected/controllers/projectsController.php (49)
2017/01/25 18:47:23 [error] [exception.CHttpException.404] CHttpException: Unable to resolve the request "js/jquery.min.map". in /var/www/html/yii/framework/web/CWebApplication.php:286
Stack trace:
#0 /var/www/html/yii/framework/web/CWebApplication.php(141): CWebApplication->runController('js/jquery.min.m...')
#1 /var/www/html/yii/framework/base/CApplication.php(184): CWebApplication->processRequest()
#2 /var/www/html/4pt/index.php(13): CApplication->run()
#3 {main}
REQUEST_URI=/4pt/js/jquery.min.map
---
2017/01/25 18:47:58 [error] [exception.CHttpException.404] CHttpException: Unable to resolve the request "js/jquery.min.map". in /var/www/html/yii/framework/web/CWebApplication.php:286
Stack trace:
#0 /var/www/html/yii/framework/web/CWebApplication.php(141): CWebApplication->runController('js/jquery.min.m...')
#1 /var/www/html/yii/framework/base/CApplication.php(184): CWebApplication->processRequest()
#2 /var/www/html/4pt/index.php(13): CApplication->run()
#3 {main}
REQUEST_URI=/4pt/js/jquery.min.map
---
2017/01/25 18:48:04 [error] [exception.CHttpException.404] CHttpException: Unable to resolve the request "js/jquery.min.map". in /var/www/html/yii/framework/web/CWebApplication.php:286
Stack trace:
#0 /var/www/html/yii/framework/web/CWebApplication.php(141): CWebApplication->runController('js/jquery.min.m...')
#1 /var/www/html/yii/framework/base/CApplication.php(184): CWebApplication->processRequest()
#2 /var/www/html/4pt/index.php(13): CApplication->run()
#3 {main}
REQUEST_URI=/4pt/js/jquery.min.map
---
2017/02/03 12:33:18 [error] [exception.CDbException] exception 'CDbException' with message 'CDbConnection failed to open the DB connection: SQLSTATE[HY000] [1049] Unknown database '4pt'' in C:\wamp64\www\yii\framework\db\CDbConnection.php:399
Stack trace:
#0 C:\wamp64\www\yii\framework\db\CDbConnection.php(347): CDbConnection->open()
#1 C:\wamp64\www\yii\framework\db\CDbConnection.php(325): CDbConnection->setActive(true)
#2 C:\wamp64\www\yii\framework\base\CModule.php(394): CDbConnection->init()
#3 C:\wamp64\www\yii\framework\base\CApplication.php(459): CModule->getComponent('db')
#4 C:\wamp64\www\yii\framework\db\ar\CActiveRecord.php(637): CApplication->getDb()
#5 C:\wamp64\www\yii\framework\db\ar\CActiveRecord.php(1433): CActiveRecord->getDbConnection()
#6 C:\wamp64\www\yii\framework\db\ar\CActiveRecord.php(1522): CActiveRecord->getTableAlias(true)
#7 C:\wamp64\www\4pt\protected\components\Language.php(102): CActiveRecord->findByAttributes(Array)
#8 C:\wamp64\www\yii\framework\YiiBase.php(432): include('C:\\wamp64\\www\\4...')
#9 [internal function]: YiiBase::autoload('Language')
#10 C:\wamp64\www\4pt\protected\views\layouts\main.php(34): spl_autoload_call('Language')
#11 C:\wamp64\www\yii\framework\web\CBaseController.php(126): require('C:\\wamp64\\www\\4...')
#12 C:\wamp64\www\yii\framework\web\CBaseController.php(95): CBaseController->renderInternal('C:\\wamp64\\www\\4...', Array, true)
#13 C:\wamp64\www\yii\framework\web\widgets\CContentDecorator.php(76): CBaseController->renderFile('C:\\wamp64\\www\\4...', Array, true)
#14 C:\wamp64\www\yii\framework\web\widgets\CContentDecorator.php(54): CContentDecorator->decorate('<div id="conten...')
#15 C:\wamp64\www\yii\framework\web\widgets\COutputProcessor.php(44): CContentDecorator->processOutput('<div id="conten...')
#16 C:\wamp64\www\yii\framework\web\CBaseController.php(214): COutputProcessor->run()
#17 C:\wamp64\www\yii\framework\web\CBaseController.php(308): CBaseController->endWidget('CContentDecorat...')
#18 C:\wamp64\www\4pt\protected\views\layouts\column1.php(6): CBaseController->endContent()
#19 C:\wamp64\www\yii\framework\web\CBaseController.php(126): require('C:\\wamp64\\www\\4...')
#20 C:\wamp64\www\yii\framework\web\CBaseController.php(95): CBaseController->renderInternal('C:\\wamp64\\www\\4...', Array, true)
#21 C:\wamp64\www\yii\framework\web\CController.php(784): CBaseController->renderFile('C:\\wamp64\\www\\4...', Array, true)
#22 C:\wamp64\www\4pt\protected\controllers\SiteController.php(32): CController->render('index')
#23 C:\wamp64\www\yii\framework\web\actions\CInlineAction.php(49): SiteController->actionIndex()
#24 C:\wamp64\www\yii\framework\web\CController.php(308): CInlineAction->runWithParams(Array)
#25 C:\wamp64\www\yii\framework\web\CController.php(286): CController->runAction(Object(CInlineAction))
#26 C:\wamp64\www\yii\framework\web\CController.php(265): CController->runActionWithFilters(Object(CInlineAction), Array)
#27 C:\wamp64\www\yii\framework\web\CWebApplication.php(282): CController->run('')
#28 C:\wamp64\www\yii\framework\web\CWebApplication.php(141): CWebApplication->runController('')
#29 C:\wamp64\www\yii\framework\base\CApplication.php(185): CWebApplication->processRequest()
#30 C:\wamp64\www\4pt\index.php(13): CApplication->run()
#31 {main}
REQUEST_URI=/4pt/
HTTP_REFERER=http://localhost/
---
2017/02/21 19:34:51 [error] [exception.CHttpException.404] exception 'CHttpException' with message 'Unable to resolve the request "gii/model".' in C:\wamp64\www\yii\framework\web\CWebApplication.php:286
Stack trace:
#0 C:\wamp64\www\yii\framework\web\CWebApplication.php(141): CWebApplication->runController('gii/model')
#1 C:\wamp64\www\yii\framework\base\CApplication.php(185): CWebApplication->processRequest()
#2 C:\wamp64\www\4pt\index.php(13): CApplication->run()
#3 {main}
REQUEST_URI=/4pt/gii/model
---
2017/02/21 19:56:41 [error] [php] Trying to get property of non-object (C:\wamp64\www\4pt\protected\controllers\PeopleController.php:235)
Stack trace:
#0 C:\wamp64\www\yii\framework\web\filters\CFilterChain.php(133): peopleController->runAction()
#1 C:\wamp64\www\yii\framework\web\filters\CFilter.php(40): CFilterChain->run()
#2 C:\wamp64\www\yii\framework\web\CController.php(1145): CAccessControlFilter->filter()
#3 C:\wamp64\www\yii\framework\web\filters\CInlineFilter.php(58): peopleController->filterAccessControl()
#4 C:\wamp64\www\yii\framework\web\filters\CFilterChain.php(130): CInlineFilter->filter()
#5 C:\wamp64\www\yii\framework\web\CController.php(291): CFilterChain->run()
#6 C:\wamp64\www\yii\framework\web\CController.php(265): peopleController->runActionWithFilters()
#7 C:\wamp64\www\yii\framework\web\CWebApplication.php(282): peopleController->run()
#8 C:\wamp64\www\yii\framework\web\CWebApplication.php(141): CWebApplication->runController()
#9 C:\wamp64\www\yii\framework\base\CApplication.php(185): CWebApplication->processRequest()
#10 C:\wamp64\www\4pt\index.php(13): CWebApplication->run()
REQUEST_URI=/4pt/people
in C:\wamp64\www\4pt\protected\controllers\PeopleController.php (235)
in C:\wamp64\www\4pt\index.php (13)
2017/02/21 19:57:05 [error] [php] Trying to get property of non-object (C:\wamp64\www\4pt\protected\controllers\PeopleController.php:235)
Stack trace:
#0 C:\wamp64\www\yii\framework\web\filters\CFilterChain.php(133): peopleController->runAction()
#1 C:\wamp64\www\yii\framework\web\filters\CFilter.php(40): CFilterChain->run()
#2 C:\wamp64\www\yii\framework\web\CController.php(1145): CAccessControlFilter->filter()
#3 C:\wamp64\www\yii\framework\web\filters\CInlineFilter.php(58): peopleController->filterAccessControl()
#4 C:\wamp64\www\yii\framework\web\filters\CFilterChain.php(130): CInlineFilter->filter()
#5 C:\wamp64\www\yii\framework\web\CController.php(291): CFilterChain->run()
#6 C:\wamp64\www\yii\framework\web\CController.php(265): peopleController->runActionWithFilters()
#7 C:\wamp64\www\yii\framework\web\CWebApplication.php(282): peopleController->run()
#8 C:\wamp64\www\yii\framework\web\CWebApplication.php(141): CWebApplication->runController()
#9 C:\wamp64\www\yii\framework\base\CApplication.php(185): CWebApplication->processRequest()
#10 C:\wamp64\www\4pt\index.php(13): CWebApplication->run()
REQUEST_URI=/4pt/people
in C:\wamp64\www\4pt\protected\controllers\PeopleController.php (235)
in C:\wamp64\www\4pt\index.php (13)
2017/02/21 19:57:25 [error] [php] Trying to get property of non-object (C:\wamp64\www\4pt\protected\controllers\PeopleController.php:235)
Stack trace:
#0 C:\wamp64\www\yii\framework\web\filters\CFilterChain.php(133): peopleController->runAction()
#1 C:\wamp64\www\yii\framework\web\filters\CFilter.php(40): CFilterChain->run()
#2 C:\wamp64\www\yii\framework\web\CController.php(1145): CAccessControlFilter->filter()
#3 C:\wamp64\www\yii\framework\web\filters\CInlineFilter.php(58): peopleController->filterAccessControl()
#4 C:\wamp64\www\yii\framework\web\filters\CFilterChain.php(130): CInlineFilter->filter()
#5 C:\wamp64\www\yii\framework\web\CController.php(291): CFilterChain->run()
#6 C:\wamp64\www\yii\framework\web\CController.php(265): peopleController->runActionWithFilters()
#7 C:\wamp64\www\yii\framework\web\CWebApplication.php(282): peopleController->run()
#8 C:\wamp64\www\yii\framework\web\CWebApplication.php(141): CWebApplication->runController()
#9 C:\wamp64\www\yii\framework\base\CApplication.php(185): CWebApplication->processRequest()
#10 C:\wamp64\www\4pt\index.php(13): CWebApplication->run()
REQUEST_URI=/4pt/people
in C:\wamp64\www\4pt\protected\controllers\PeopleController.php (235)
in C:\wamp64\www\4pt\index.php (13)
2017/02/22 04:14:49 [error] [system.db.CDbCommand] CDbCommand::execute() fall贸: SQLSTATE[HY000]: General error: 1366 Incorrect integer value: 'Plantillas' for column 'template' at row 1. La sentencia SQL ejecutada fue: INSERT INTO `projects` (`title`, `acronym`, `product_type`, `level`, `template`, `company_id`) VALUES (:yp0, :yp1, :yp2, :yp3, :yp4, :yp5).
in C:\wamp64\www\4pt\protected\controllers\ProjectsController.php (69)
in C:\wamp64\www\4pt\index.php (13)
2017/02/22 04:14:49 [error] [exception.CDbException] exception 'CDbException' with message 'CDbCommand fall贸 al ejecutar la sentencia SQL: SQLSTATE[HY000]: General error: 1366 Incorrect integer value: 'Plantillas' for column 'template' at row 1. The SQL statement executed was: INSERT INTO `projects` (`title`, `acronym`, `product_type`, `level`, `template`, `company_id`) VALUES (:yp0, :yp1, :yp2, :yp3, :yp4, :yp5)' in C:\wamp64\www\yii\framework\db\CDbCommand.php:358
Stack trace:
#0 C:\wamp64\www\yii\framework\db\ar\CActiveRecord.php(1080): CDbCommand->execute()
#1 C:\wamp64\www\yii\framework\db\ar\CActiveRecord.php(809): CActiveRecord->insert(NULL)
#2 C:\wamp64\www\4pt\protected\controllers\ProjectsController.php(69): CActiveRecord->save()
#3 C:\wamp64\www\yii\framework\web\actions\CInlineAction.php(49): projectsController->actionCreate()
#4 C:\wamp64\www\yii\framework\web\CController.php(308): CInlineAction->runWithParams(Array)
#5 C:\wamp64\www\yii\framework\web\filters\CFilterChain.php(133): CController->runAction(Object(CInlineAction))
#6 C:\wamp64\www\yii\framework\web\filters\CFilter.php(40): CFilterChain->run()
#7 C:\wamp64\www\yii\framework\web\CController.php(1145): CFilter->filter(Object(CFilterChain))
#8 C:\wamp64\www\yii\framework\web\filters\CInlineFilter.php(58): CController->filterAccessControl(Object(CFilterChain))
#9 C:\wamp64\www\yii\framework\web\filters\CFilterChain.php(130): CInlineFilter->filter(Object(CFilterChain))
#10 C:\wamp64\www\yii\framework\web\CController.php(291): CFilterChain->run()
#11 C:\wamp64\www\yii\framework\web\CController.php(265): CController->runActionWithFilters(Object(CInlineAction), Array)
#12 C:\wamp64\www\yii\framework\web\CWebApplication.php(282): CController->run('create')
#13 C:\wamp64\www\yii\framework\web\CWebApplication.php(141): CWebApplication->runController('projects/create')
#14 C:\wamp64\www\yii\framework\base\CApplication.php(185): CWebApplication->processRequest()
#15 C:\wamp64\www\4pt\index.php(13): CApplication->run()
#16 {main}
REQUEST_URI=/4pt/projects/create
HTTP_REFERER=http://localhost/4pt/projects/create
---
2017/02/22 04:17:53 [error] [php] Undefined offset: 1 (C:\wamp64\www\4pt\protected\components\Functions.php:122)
Stack trace:
#0 C:\wamp64\www\yii\framework\web\CBaseController.php(95): projectsController->renderInternal()
#1 C:\wamp64\www\yii\framework\web\CController.php(869): projectsController->renderFile()
#2 C:\wamp64\www\yii\framework\web\CController.php(782): projectsController->renderPartial()
#3 C:\wamp64\www\4pt\protected\controllers\ProjectsController.php(50): projectsController->render()
#4 C:\wamp64\www\yii\framework\web\actions\CInlineAction.php(49): projectsController->actionView()
#5 C:\wamp64\www\yii\framework\web\CController.php(308): CInlineAction->runWithParams()
#6 C:\wamp64\www\yii\framework\web\filters\CFilterChain.php(133): projectsController->runAction()
#7 C:\wamp64\www\yii\framework\web\filters\CFilter.php(40): CFilterChain->run()
#8 C:\wamp64\www\yii\framework\web\CController.php(1145): CAccessControlFilter->filter()
#9 C:\wamp64\www\yii\framework\web\filters\CInlineFilter.php(58): projectsController->filterAccessControl()
#10 C:\wamp64\www\yii\framework\web\filters\CFilterChain.php(130): CInlineFilter->filter()
#11 C:\wamp64\www\yii\framework\web\CController.php(291): CFilterChain->run()
#12 C:\wamp64\www\yii\framework\web\CController.php(265): projectsController->runActionWithFilters()
#13 C:\wamp64\www\yii\framework\web\CWebApplication.php(282): projectsController->run()
#14 C:\wamp64\www\yii\framework\web\CWebApplication.php(141): CWebApplication->runController()
#15 C:\wamp64\www\yii\framework\base\CApplication.php(185): CWebApplication->processRequest()
#16 C:\wamp64\www\4pt\index.php(13): CWebApplication->run()
REQUEST_URI=/4pt/projects/1
in C:\wamp64\www\4pt\protected\components\Functions.php (122)
in C:\wamp64\www\4pt\protected\views\projects\view.php (63)
in C:\wamp64\www\4pt\protected\controllers\ProjectsController.php (50)
2017/02/22 04:18:28 [error] [php] Undefined offset: 1 (C:\wamp64\www\4pt\protected\components\Functions.php:122)
Stack trace:
#0 C:\wamp64\www\yii\framework\web\CBaseController.php(95): projectsController->renderInternal()
#1 C:\wamp64\www\yii\framework\web\CController.php(869): projectsController->renderFile()
#2 C:\wamp64\www\yii\framework\web\CController.php(782): projectsController->renderPartial()
#3 C:\wamp64\www\4pt\protected\controllers\ProjectsController.php(50): projectsController->render()
#4 C:\wamp64\www\yii\framework\web\actions\CInlineAction.php(49): projectsController->actionView()
#5 C:\wamp64\www\yii\framework\web\CController.php(308): CInlineAction->runWithParams()
#6 C:\wamp64\www\yii\framework\web\filters\CFilterChain.php(133): projectsController->runAction()
#7 C:\wamp64\www\yii\framework\web\filters\CFilter.php(40): CFilterChain->run()
#8 C:\wamp64\www\yii\framework\web\CController.php(1145): CAccessControlFilter->filter()
#9 C:\wamp64\www\yii\framework\web\filters\CInlineFilter.php(58): projectsController->filterAccessControl()
#10 C:\wamp64\www\yii\framework\web\filters\CFilterChain.php(130): CInlineFilter->filter()
#11 C:\wamp64\www\yii\framework\web\CController.php(291): CFilterChain->run()
#12 C:\wamp64\www\yii\framework\web\CController.php(265): projectsController->runActionWithFilters()
#13 C:\wamp64\www\yii\framework\web\CWebApplication.php(282): projectsController->run()
#14 C:\wamp64\www\yii\framework\web\CWebApplication.php(141): CWebApplication->runController()
#15 C:\wamp64\www\yii\framework\base\CApplication.php(185): CWebApplication->processRequest()
#16 C:\wamp64\www\4pt\index.php(13): CWebApplication->run()
REQUEST_URI=/4pt/projects/1
in C:\wamp64\www\4pt\protected\components\Functions.php (122)
in C:\wamp64\www\4pt\protected\views\projects\view.php (63)
in C:\wamp64\www\4pt\protected\controllers\ProjectsController.php (50)
2017/02/22 04:18:41 [error] [system.db.CDbCommand] CDbCommand::execute() fall贸: SQLSTATE[HY000]: General error: 1366 Incorrect integer value: 'Plantillas' for column 'template' at row 1. La sentencia SQL ejecutada fue: INSERT INTO `projects` (`title`, `acronym`, `product_type`, `level`, `template`, `company_id`) VALUES (:yp0, :yp1, :yp2, :yp3, :yp4, :yp5).
in C:\wamp64\www\4pt\protected\controllers\ProjectsController.php (69)
in C:\wamp64\www\4pt\index.php (13)
2017/02/22 04:18:41 [error] [exception.CDbException] exception 'CDbException' with message 'CDbCommand fall贸 al ejecutar la sentencia SQL: SQLSTATE[HY000]: General error: 1366 Incorrect integer value: 'Plantillas' for column 'template' at row 1. The SQL statement executed was: INSERT INTO `projects` (`title`, `acronym`, `product_type`, `level`, `template`, `company_id`) VALUES (:yp0, :yp1, :yp2, :yp3, :yp4, :yp5)' in C:\wamp64\www\yii\framework\db\CDbCommand.php:358
Stack trace:
#0 C:\wamp64\www\yii\framework\db\ar\CActiveRecord.php(1080): CDbCommand->execute()
#1 C:\wamp64\www\yii\framework\db\ar\CActiveRecord.php(809): CActiveRecord->insert(NULL)
#2 C:\wamp64\www\4pt\protected\controllers\ProjectsController.php(69): CActiveRecord->save()
#3 C:\wamp64\www\yii\framework\web\actions\CInlineAction.php(49): projectsController->actionCreate()
#4 C:\wamp64\www\yii\framework\web\CController.php(308): CInlineAction->runWithParams(Array)
#5 C:\wamp64\www\yii\framework\web\filters\CFilterChain.php(133): CController->runAction(Object(CInlineAction))
#6 C:\wamp64\www\yii\framework\web\filters\CFilter.php(40): CFilterChain->run()
#7 C:\wamp64\www\yii\framework\web\CController.php(1145): CFilter->filter(Object(CFilterChain))
#8 C:\wamp64\www\yii\framework\web\filters\CInlineFilter.php(58): CController->filterAccessControl(Object(CFilterChain))
#9 C:\wamp64\www\yii\framework\web\filters\CFilterChain.php(130): CInlineFilter->filter(Object(CFilterChain))
#10 C:\wamp64\www\yii\framework\web\CController.php(291): CFilterChain->run()
#11 C:\wamp64\www\yii\framework\web\CController.php(265): CController->runActionWithFilters(Object(CInlineAction), Array)
#12 C:\wamp64\www\yii\framework\web\CWebApplication.php(282): CController->run('create')
#13 C:\wamp64\www\yii\framework\web\CWebApplication.php(141): CWebApplication->runController('projects/create')
#14 C:\wamp64\www\yii\framework\base\CApplication.php(185): CWebApplication->processRequest()
#15 C:\wamp64\www\4pt\index.php(13): CApplication->run()
#16 {main}
REQUEST_URI=/4pt/projects/create
HTTP_REFERER=http://localhost/4pt/projects/create
---
2017/02/22 04:18:54 [error] [php] Undefined offset: 1 (C:\wamp64\www\4pt\protected\components\Functions.php:122)
Stack trace:
#0 C:\wamp64\www\yii\framework\web\CBaseController.php(95): projectsController->renderInternal()
#1 C:\wamp64\www\yii\framework\web\CController.php(869): projectsController->renderFile()
#2 C:\wamp64\www\yii\framework\web\CController.php(782): projectsController->renderPartial()
#3 C:\wamp64\www\4pt\protected\controllers\ProjectsController.php(50): projectsController->render()
#4 C:\wamp64\www\yii\framework\web\actions\CInlineAction.php(49): projectsController->actionView()
#5 C:\wamp64\www\yii\framework\web\CController.php(308): CInlineAction->runWithParams()
#6 C:\wamp64\www\yii\framework\web\filters\CFilterChain.php(133): projectsController->runAction()
#7 C:\wamp64\www\yii\framework\web\filters\CFilter.php(40): CFilterChain->run()
#8 C:\wamp64\www\yii\framework\web\CController.php(1145): CAccessControlFilter->filter()
#9 C:\wamp64\www\yii\framework\web\filters\CInlineFilter.php(58): projectsController->filterAccessControl()
#10 C:\wamp64\www\yii\framework\web\filters\CFilterChain.php(130): CInlineFilter->filter()
#11 C:\wamp64\www\yii\framework\web\CController.php(291): CFilterChain->run()
#12 C:\wamp64\www\yii\framework\web\CController.php(265): projectsController->runActionWithFilters()
#13 C:\wamp64\www\yii\framework\web\CWebApplication.php(282): projectsController->run()
#14 C:\wamp64\www\yii\framework\web\CWebApplication.php(141): CWebApplication->runController()
#15 C:\wamp64\www\yii\framework\base\CApplication.php(185): CWebApplication->processRequest()
#16 C:\wamp64\www\4pt\index.php(13): CWebApplication->run()
REQUEST_URI=/4pt/projects/1
in C:\wamp64\www\4pt\protected\components\Functions.php (122)
in C:\wamp64\www\4pt\protected\views\projects\view.php (63)
in C:\wamp64\www\4pt\protected\controllers\ProjectsController.php (50)
2017/02/22 04:19:13 [error] [exception.CHttpException.400] exception 'CHttpException' with message 'Invalid request. Please do not repeat this request again.' in C:\wamp64\www\4pt\protected\controllers\ProjectsController.php:174
Stack trace:
#0 C:\wamp64\www\yii\framework\web\actions\CInlineAction.php(49): projectsController->actionDelete()
#1 C:\wamp64\www\yii\framework\web\CController.php(308): CInlineAction->runWithParams(Array)
#2 C:\wamp64\www\yii\framework\web\filters\CFilterChain.php(133): CController->runAction(Object(CInlineAction))
#3 C:\wamp64\www\yii\framework\web\filters\CFilter.php(40): CFilterChain->run()
#4 C:\wamp64\www\yii\framework\web\CController.php(1145): CFilter->filter(Object(CFilterChain))
#5 C:\wamp64\www\yii\framework\web\filters\CInlineFilter.php(58): CController->filterAccessControl(Object(CFilterChain))
#6 C:\wamp64\www\yii\framework\web\filters\CFilterChain.php(130): CInlineFilter->filter(Object(CFilterChain))
#7 C:\wamp64\www\yii\framework\web\CController.php(291): CFilterChain->run()
#8 C:\wamp64\www\yii\framework\web\CController.php(265): CController->runActionWithFilters(Object(CInlineAction), Array)
#9 C:\wamp64\www\yii\framework\web\CWebApplication.php(282): CController->run('delete')
#10 C:\wamp64\www\yii\framework\web\CWebApplication.php(141): CWebApplication->runController('projects/delete')
#11 C:\wamp64\www\yii\framework\base\CApplication.php(185): CWebApplication->processRequest()
#12 C:\wamp64\www\4pt\index.php(13): CApplication->run()
#13 {main}
REQUEST_URI=/4pt/projects/delete/1
---
2017/02/22 05:04:29 [error] [php] Undefined offset: 1 (C:\wamp64\www\4pt\protected\components\Functions.php:122)
Stack trace:
#0 C:\wamp64\www\yii\framework\web\CBaseController.php(95): projectsController->renderInternal()
#1 C:\wamp64\www\yii\framework\web\CController.php(869): projectsController->renderFile()
#2 C:\wamp64\www\yii\framework\web\CController.php(782): projectsController->renderPartial()
#3 C:\wamp64\www\4pt\protected\controllers\ProjectsController.php(50): projectsController->render()
#4 C:\wamp64\www\yii\framework\web\actions\CInlineAction.php(49): projectsController->actionView()
#5 C:\wamp64\www\yii\framework\web\CController.php(308): CInlineAction->runWithParams()
#6 C:\wamp64\www\yii\framework\web\filters\CFilterChain.php(133): projectsController->runAction()
#7 C:\wamp64\www\yii\framework\web\filters\CFilter.php(40): CFilterChain->run()
#8 C:\wamp64\www\yii\framework\web\CController.php(1145): CAccessControlFilter->filter()
#9 C:\wamp64\www\yii\framework\web\filters\CInlineFilter.php(58): projectsController->filterAccessControl()
#10 C:\wamp64\www\yii\framework\web\filters\CFilterChain.php(130): CInlineFilter->filter()
#11 C:\wamp64\www\yii\framework\web\CController.php(291): CFilterChain->run()
#12 C:\wamp64\www\yii\framework\web\CController.php(265): projectsController->runActionWithFilters()
#13 C:\wamp64\www\yii\framework\web\CWebApplication.php(282): projectsController->run()
#14 C:\wamp64\www\yii\framework\web\CWebApplication.php(141): CWebApplication->runController()
#15 C:\wamp64\www\yii\framework\base\CApplication.php(185): CWebApplication->processRequest()
#16 C:\wamp64\www\4pt\index.php(13): CWebApplication->run()
REQUEST_URI=/4pt/projects/1
in C:\wamp64\www\4pt\protected\components\Functions.php (122)
in C:\wamp64\www\4pt\protected\views\projects\view.php (63)
in C:\wamp64\www\4pt\protected\controllers\ProjectsController.php (50)
2017/02/22 05:40:04 [error] [php] Undefined offset: 1 (C:\wamp64\www\4pt\protected\components\Functions.php:122)
Stack trace:
#0 C:\wamp64\www\yii\framework\web\CBaseController.php(95): projectsController->renderInternal()
#1 C:\wamp64\www\yii\framework\web\CController.php(869): projectsController->renderFile()
#2 C:\wamp64\www\yii\framework\web\CController.php(782): projectsController->renderPartial()
#3 C:\wamp64\www\4pt\protected\controllers\ProjectsController.php(50): projectsController->render()
#4 C:\wamp64\www\yii\framework\web\actions\CInlineAction.php(49): projectsController->actionView()
#5 C:\wamp64\www\yii\framework\web\CController.php(308): CInlineAction->runWithParams()
#6 C:\wamp64\www\yii\framework\web\filters\CFilterChain.php(133): projectsController->runAction()
#7 C:\wamp64\www\yii\framework\web\filters\CFilter.php(40): CFilterChain->run()
#8 C:\wamp64\www\yii\framework\web\CController.php(1145): CAccessControlFilter->filter()
#9 C:\wamp64\www\yii\framework\web\filters\CInlineFilter.php(58): projectsController->filterAccessControl()
#10 C:\wamp64\www\yii\framework\web\filters\CFilterChain.php(130): CInlineFilter->filter()
#11 C:\wamp64\www\yii\framework\web\CController.php(291): CFilterChain->run()
#12 C:\wamp64\www\yii\framework\web\CController.php(265): projectsController->runActionWithFilters()
#13 C:\wamp64\www\yii\framework\web\CWebApplication.php(282): projectsController->run()
#14 C:\wamp64\www\yii\framework\web\CWebApplication.php(141): CWebApplication->runController()
#15 C:\wamp64\www\yii\framework\base\CApplication.php(185): CWebApplication->processRequest()
#16 C:\wamp64\www\4pt\index.php(13): CWebApplication->run()
REQUEST_URI=/4pt/projects/1
in C:\wamp64\www\4pt\protected\components\Functions.php (122)
in C:\wamp64\www\4pt\protected\views\projects\view.php (63)
in C:\wamp64\www\4pt\protected\controllers\ProjectsController.php (50)
2017/02/22 05:52:39 [error] [exception.CHttpException.404] exception 'CHttpException' with message 'Unable to resolve the request "process".' in C:\wamp64\www\yii\framework\web\CWebApplication.php:286
Stack trace:
#0 C:\wamp64\www\yii\framework\web\CWebApplication.php(141): CWebApplication->runController('process')
#1 C:\wamp64\www\yii\framework\base\CApplication.php(185): CWebApplication->processRequest()
#2 C:\wamp64\www\4pt\index.php(13): CApplication->run()
#3 {main}
REQUEST_URI=/4pt/process
HTTP_REFERER=http://localhost/4pt/projects/index
---
2017/02/22 05:52:43 [error] [exception.CHttpException.404] exception 'CHttpException' with message 'Unable to resolve the request "products".' in C:\wamp64\www\yii\framework\web\CWebApplication.php:286
Stack trace:
#0 C:\wamp64\www\yii\framework\web\CWebApplication.php(141): CWebApplication->runController('products')
#1 C:\wamp64\www\yii\framework\base\CApplication.php(185): CWebApplication->processRequest()
#2 C:\wamp64\www\4pt\index.php(13): CApplication->run()
#3 {main}
REQUEST_URI=/4pt/products
HTTP_REFERER=http://localhost/4pt/projects/index
---
2017/02/22 05:52:45 [error] [exception.CHttpException.404] exception 'CHttpException' with message 'Unable to resolve the request "process".' in C:\wamp64\www\yii\framework\web\CWebApplication.php:286
Stack trace:
#0 C:\wamp64\www\yii\framework\web\CWebApplication.php(141): CWebApplication->runController('process')
#1 C:\wamp64\www\yii\framework\base\CApplication.php(185): CWebApplication->processRequest()
#2 C:\wamp64\www\4pt\index.php(13): CApplication->run()
#3 {main}
REQUEST_URI=/4pt/process
HTTP_REFERER=http://localhost/4pt/projects/index
---
